# gmm-acc-stats-ali exp/mono0a/5.mdl "ark,s,cs:apply-cmvn  --utt2spk=ark:data/train_smarthomes/split1/1/utt2spk scp:data/train_smarthomes/split1/1/cmvn.scp scp:data/train_smarthomes/split1/1/feats.scp ark:- | add-deltas ark:- ark:- |" "ark:gunzip -c exp/mono0a/ali.1.gz|" exp/mono0a/5.1.acc 
# Started at Tue Jul 14 10:08:07 EEST 2015
#
gmm-acc-stats-ali exp/mono0a/5.mdl 'ark,s,cs:apply-cmvn  --utt2spk=ark:data/train_smarthomes/split1/1/utt2spk scp:data/train_smarthomes/split1/1/cmvn.scp scp:data/train_smarthomes/split1/1/feats.scp ark:- | add-deltas ark:- ark:- |' 'ark:gunzip -c exp/mono0a/ali.1.gz|' exp/mono0a/5.1.acc 
apply-cmvn --utt2spk=ark:data/train_smarthomes/split1/1/utt2spk scp:data/train_smarthomes/split1/1/cmvn.scp scp:data/train_smarthomes/split1/1/feats.scp ark:- 
add-deltas ark:- ark:- 
LOG (gmm-acc-stats-ali:main():gmm-acc-stats-ali.cc:105) Processed 50 utterances; for utterance S01-eventid_049 avg. like is -83.4626 over 176 frames.
LOG (gmm-acc-stats-ali:main():gmm-acc-stats-ali.cc:105) Processed 100 utterances; for utterance S01-eventid_099 avg. like is -78.207 over 219 frames.
LOG (gmm-acc-stats-ali:main():gmm-acc-stats-ali.cc:105) Processed 150 utterances; for utterance S01-eventid_149 avg. like is -78.7325 over 325 frames.
LOG (gmm-acc-stats-ali:main():gmm-acc-stats-ali.cc:105) Processed 200 utterances; for utterance S01-eventid_199 avg. like is -78.371 over 460 frames.
LOG (gmm-acc-stats-ali:main():gmm-acc-stats-ali.cc:105) Processed 250 utterances; for utterance S01-eventid_249 avg. like is -77.8753 over 309 frames.
LOG (gmm-acc-stats-ali:main():gmm-acc-stats-ali.cc:105) Processed 300 utterances; for utterance S02-eventid-049 avg. like is -76.0655 over 219 frames.
LOG (gmm-acc-stats-ali:main():gmm-acc-stats-ali.cc:105) Processed 350 utterances; for utterance S02-eventid-099 avg. like is -80.5061 over 149 frames.
LOG (gmm-acc-stats-ali:main():gmm-acc-stats-ali.cc:105) Processed 400 utterances; for utterance S02-eventid-149 avg. like is -81.4098 over 516 frames.
LOG (gmm-acc-stats-ali:main():gmm-acc-stats-ali.cc:105) Processed 450 utterances; for utterance S02-eventid-199 avg. like is -78.705 over 778 frames.
LOG (gmm-acc-stats-ali:main():gmm-acc-stats-ali.cc:105) Processed 500 utterances; for utterance S02-eventid-249 avg. like is -83.1835 over 168 frames.
LOG (gmm-acc-stats-ali:main():gmm-acc-stats-ali.cc:105) Processed 550 utterances; for utterance S03-eventid-008 avg. like is -88.3226 over 490 frames.
LOG (gmm-acc-stats-ali:main():gmm-acc-stats-ali.cc:105) Processed 600 utterances; for utterance S03-eventid-063 avg. like is -77.5069 over 389 frames.
LOG (gmm-acc-stats-ali:main():gmm-acc-stats-ali.cc:105) Processed 650 utterances; for utterance S03-eventid-116 avg. like is -80.3904 over 127 frames.
LOG (gmm-acc-stats-ali:main():gmm-acc-stats-ali.cc:105) Processed 700 utterances; for utterance S03-eventid-166 avg. like is -77.8451 over 85 frames.
LOG (gmm-acc-stats-ali:main():gmm-acc-stats-ali.cc:105) Processed 750 utterances; for utterance S03-eventid-216 avg. like is -78.9859 over 1038 frames.
LOG (gmm-acc-stats-ali:main():gmm-acc-stats-ali.cc:105) Processed 800 utterances; for utterance S03-eventid-266 avg. like is -82.4011 over 438 frames.
LOG (gmm-acc-stats-ali:main():gmm-acc-stats-ali.cc:105) Processed 850 utterances; for utterance S04-eventid-028 avg. like is -90.5996 over 354 frames.
LOG (gmm-acc-stats-ali:main():gmm-acc-stats-ali.cc:105) Processed 900 utterances; for utterance S04-eventid-078 avg. like is -80.7719 over 143 frames.
LOG (gmm-acc-stats-ali:main():gmm-acc-stats-ali.cc:105) Processed 950 utterances; for utterance S04-eventid-128 avg. like is -79.8216 over 159 frames.
LOG (gmm-acc-stats-ali:main():gmm-acc-stats-ali.cc:105) Processed 1000 utterances; for utterance S04-eventid-179 avg. like is -84.1489 over 165 frames.
LOG (gmm-acc-stats-ali:main():gmm-acc-stats-ali.cc:105) Processed 1050 utterances; for utterance S04-eventid-229 avg. like is -82.5416 over 1475 frames.
LOG (gmm-acc-stats-ali:main():gmm-acc-stats-ali.cc:105) Processed 1100 utterances; for utterance S04-eventid-279 avg. like is -83.4709 over 1096 frames.
LOG (gmm-acc-stats-ali:main():gmm-acc-stats-ali.cc:105) Processed 1150 utterances; for utterance S05-eventid-024 avg. like is -97.8236 over 48 frames.
LOG (gmm-acc-stats-ali:main():gmm-acc-stats-ali.cc:105) Processed 1200 utterances; for utterance S05-eventid-074 avg. like is -79.5222 over 119 frames.
LOG (gmm-acc-stats-ali:main():gmm-acc-stats-ali.cc:105) Processed 1250 utterances; for utterance S05-eventid-124 avg. like is -85.4462 over 414 frames.
LOG (gmm-acc-stats-ali:main():gmm-acc-stats-ali.cc:105) Processed 1300 utterances; for utterance S05-eventid-174 avg. like is -92.2388 over 214 frames.
LOG (gmm-acc-stats-ali:main():gmm-acc-stats-ali.cc:105) Processed 1350 utterances; for utterance S05-eventid-224 avg. like is -82.8078 over 69 frames.
LOG (gmm-acc-stats-ali:main():gmm-acc-stats-ali.cc:105) Processed 1400 utterances; for utterance S05-eventid-274 avg. like is -80.7118 over 740 frames.
LOG (gmm-acc-stats-ali:main():gmm-acc-stats-ali.cc:105) Processed 1450 utterances; for utterance S05-eventid-324 avg. like is -81.0232 over 60 frames.
LOG (gmm-acc-stats-ali:main():gmm-acc-stats-ali.cc:105) Processed 1500 utterances; for utterance S06-eventid-021 avg. like is -81.7671 over 44 frames.
LOG (gmm-acc-stats-ali:main():gmm-acc-stats-ali.cc:105) Processed 1550 utterances; for utterance S06-eventid-071 avg. like is -78.6935 over 45 frames.
LOG (gmm-acc-stats-ali:main():gmm-acc-stats-ali.cc:105) Processed 1600 utterances; for utterance S06-eventid-121 avg. like is -104.164 over 506 frames.
LOG (gmm-acc-stats-ali:main():gmm-acc-stats-ali.cc:105) Processed 1650 utterances; for utterance S06-eventid-171 avg. like is -94.7842 over 118 frames.
LOG (gmm-acc-stats-ali:main():gmm-acc-stats-ali.cc:105) Processed 1700 utterances; for utterance S06-eventid-221 avg. like is -84.0705 over 30 frames.
LOG (gmm-acc-stats-ali:main():gmm-acc-stats-ali.cc:105) Processed 1750 utterances; for utterance S06-eventid-271 avg. like is -79.9184 over 85 frames.
LOG (gmm-acc-stats-ali:main():gmm-acc-stats-ali.cc:105) Processed 1800 utterances; for utterance S06-eventid-321 avg. like is -79.473 over 14 frames.
LOG (gmm-acc-stats-ali:main():gmm-acc-stats-ali.cc:105) Processed 1850 utterances; for utterance S06-eventid-371 avg. like is -78.7706 over 73 frames.
LOG (gmm-acc-stats-ali:main():gmm-acc-stats-ali.cc:105) Processed 1900 utterances; for utterance S06-eventid-421 avg. like is -80.5481 over 8 frames.
LOG (gmm-acc-stats-ali:main():gmm-acc-stats-ali.cc:105) Processed 1950 utterances; for utterance S07-eventid-029 avg. like is -85.0418 over 133 frames.
LOG (gmm-acc-stats-ali:main():gmm-acc-stats-ali.cc:105) Processed 2000 utterances; for utterance S07-eventid-079 avg. like is -87.7649 over 34 frames.
LOG (gmm-acc-stats-ali:main():gmm-acc-stats-ali.cc:105) Processed 2050 utterances; for utterance S07-eventid-129 avg. like is -91.6492 over 86 frames.
LOG (gmm-acc-stats-ali:main():gmm-acc-stats-ali.cc:105) Processed 2100 utterances; for utterance S07-eventid-179 avg. like is -81.7583 over 365 frames.
LOG (gmm-acc-stats-ali:main():gmm-acc-stats-ali.cc:105) Processed 2150 utterances; for utterance S07-eventid-229 avg. like is -79.344 over 16 frames.
LOG (gmm-acc-stats-ali:main():gmm-acc-stats-ali.cc:105) Processed 2200 utterances; for utterance S07-eventid-279 avg. like is -84.0285 over 83 frames.
LOG (gmm-acc-stats-ali:main():gmm-acc-stats-ali.cc:105) Processed 2250 utterances; for utterance S07-eventid-329 avg. like is -81.8456 over 156 frames.
LOG (gmm-acc-stats-ali:main():gmm-acc-stats-ali.cc:105) Processed 2300 utterances; for utterance S07-eventid-379 avg. like is -73.7893 over 147 frames.
LOG (gmm-acc-stats-ali:main():gmm-acc-stats-ali.cc:105) Processed 2350 utterances; for utterance S07-eventid-429 avg. like is -76.3616 over 321 frames.
LOG (apply-cmvn:main():apply-cmvn.cc:146) Applied cepstral mean normalization to 2362 utterances, errors on 0
LOG (gmm-acc-stats-ali:main():gmm-acc-stats-ali.cc:112) Done 2362 files, 0 with errors.
LOG (gmm-acc-stats-ali:main():gmm-acc-stats-ali.cc:115) Overall avg like per frame (Gaussian only) = -84.372 over 620047 frames.
LOG (gmm-acc-stats-ali:main():gmm-acc-stats-ali.cc:123) Written accs.
# Accounting: time=2 threads=1
# Ended (code 0) at Tue Jul 14 10:08:09 EEST 2015, elapsed time 2 seconds
