# nnet-shuffle-egs --buffer-size=5000 --srand=1 ark:exp/dnn/egs/egs.6.0.ark ark:- | nnet-train-parallel --num-threads=16 --minibatch-size=128 --srand=1 exp/dnn/1.mdl ark:- exp/dnn/2.6.mdl 
# Started at Tue Jul 14 10:20:18 EEST 2015
#
nnet-shuffle-egs --buffer-size=5000 --srand=1 ark:exp/dnn/egs/egs.6.0.ark ark:- 
nnet-train-parallel --num-threads=16 --minibatch-size=128 --srand=1 exp/dnn/1.mdl ark:- exp/dnn/2.6.mdl 
WARNING (nnet-train-parallel:Init():nnet-precondition-online.cc:75) Rank 80 of online preconditioner is >= dim 44, setting it to 43 (but this is probably still too high)
LOG (nnet-train-parallel:GetScalingFactor():nnet-component.cc:1870) Limiting step size using scaling factor 0.419985, for component index 5
LOG (nnet-train-parallel:GetScalingFactor():nnet-component.cc:1870) Limiting step size using scaling factor 0.479058, for component index 5
LOG (nnet-train-parallel:GetScalingFactor():nnet-component.cc:1870) Limiting step size using scaling factor 0.479182, for component index 5
LOG (nnet-train-parallel:GetScalingFactor():nnet-component.cc:1870) Limiting step size using scaling factor 0.473267, for component index 5
LOG (nnet-train-parallel:GetScalingFactor():nnet-component.cc:1870) Limiting step size using scaling factor 0.469958, for component index 5
LOG (nnet-train-parallel:GetScalingFactor():nnet-component.cc:1870) Limiting step size using scaling factor 0.374188, for component index 5
LOG (nnet-train-parallel:GetScalingFactor():nnet-component.cc:1870) Limiting step size using scaling factor 0.531689, for component index 5
LOG (nnet-train-parallel:GetScalingFactor():nnet-component.cc:1870) Limiting step size using scaling factor 0.417532, for component index 5
LOG (nnet-train-parallel:GetScalingFactor():nnet-component.cc:1870) Limiting step size using scaling factor 0.526792, for component index 5
LOG (nnet-train-parallel:GetScalingFactor():nnet-component.cc:1870) Limiting step size using scaling factor 0.473975, for component index 5
LOG (nnet-shuffle-egs:main():nnet-shuffle-egs.cc:99) Shuffled order of 33547 neural-network training examples using a buffer (partial randomization)
LOG (nnet-train-parallel:DoBackpropParallel():nnet-update-parallel.cc:194) Did backprop on 33540 examples, average log-prob per frame is -1.43296
LOG (nnet-train-parallel:DoBackpropParallel():nnet-update-parallel.cc:196) [this line is to be parsed by a script:] log-prob-per-frame=-1.43296
LOG (nnet-train-parallel:main():nnet-train-parallel.cc:102) Finished training, processed 33540 training examples (weighted).  Wrote model to exp/dnn/2.6.mdl
# Accounting: time=72 threads=1
# Ended (code 0) at Tue Jul 14 10:21:30 EEST 2015, elapsed time 72 seconds
