# nnet-shuffle-egs --buffer-size=5000 --srand=2 ark:exp/dnn/egs/egs.15.0.ark ark:- | nnet-train-parallel --num-threads=16 --minibatch-size=128 --srand=2 exp/dnn/2.mdl ark:- exp/dnn/3.15.mdl 
# Started at Tue Jul 14 10:23:53 EEST 2015
#
nnet-train-parallel --num-threads=16 --minibatch-size=128 --srand=2 exp/dnn/2.mdl ark:- exp/dnn/3.15.mdl 
nnet-shuffle-egs --buffer-size=5000 --srand=2 ark:exp/dnn/egs/egs.15.0.ark ark:- 
WARNING (nnet-train-parallel:Init():nnet-precondition-online.cc:75) Rank 80 of online preconditioner is >= dim 44, setting it to 43 (but this is probably still too high)
LOG (nnet-train-parallel:GetScalingFactor():nnet-component.cc:1870) Limiting step size using scaling factor 0.922626, for component index 5
LOG (nnet-train-parallel:GetScalingFactor():nnet-component.cc:1870) Limiting step size using scaling factor 0.934648, for component index 5
LOG (nnet-train-parallel:GetScalingFactor():nnet-component.cc:1870) Limiting step size using scaling factor 0.987974, for component index 5
LOG (nnet-train-parallel:GetScalingFactor():nnet-component.cc:1870) Limiting step size using scaling factor 0.984535, for component index 5
LOG (nnet-train-parallel:GetScalingFactor():nnet-component.cc:1870) Limiting step size using scaling factor 0.990535, for component index 5
LOG (nnet-train-parallel:GetScalingFactor():nnet-component.cc:1870) Limiting step size using scaling factor 0.974335, for component index 5
LOG (nnet-train-parallel:GetScalingFactor():nnet-component.cc:1870) Limiting step size using scaling factor 0.953679, for component index 5
LOG (nnet-train-parallel:GetScalingFactor():nnet-component.cc:1870) Limiting step size using scaling factor 0.898195, for component index 5
LOG (nnet-train-parallel:GetScalingFactor():nnet-component.cc:1870) Limiting step size using scaling factor 0.955679, for component index 5
LOG (nnet-train-parallel:GetScalingFactor():nnet-component.cc:1870) Limiting step size using scaling factor 0.977656, for component index 5
LOG (nnet-shuffle-egs:main():nnet-shuffle-egs.cc:99) Shuffled order of 33543 neural-network training examples using a buffer (partial randomization)
LOG (nnet-train-parallel:DoBackpropParallel():nnet-update-parallel.cc:194) Did backprop on 33539 examples, average log-prob per frame is -1.17548
LOG (nnet-train-parallel:DoBackpropParallel():nnet-update-parallel.cc:196) [this line is to be parsed by a script:] log-prob-per-frame=-1.17548
LOG (nnet-train-parallel:main():nnet-train-parallel.cc:102) Finished training, processed 33539 training examples (weighted).  Wrote model to exp/dnn/3.15.mdl
# Accounting: time=68 threads=1
# Ended (code 0) at Tue Jul 14 10:25:01 EEST 2015, elapsed time 68 seconds
