# nnet-shuffle-egs --buffer-size=5000 --srand=0 ark:exp/dnn/egs/egs.1.0.ark ark:- | nnet-train-parallel --num-threads=16 --minibatch-size=64 --srand=0 exp/dnn/0.mdl ark:- exp/dnn/1.1.mdl 
# Started at Tue Jul 14 10:17:49 EEST 2015
#
nnet-shuffle-egs --buffer-size=5000 --srand=0 ark:exp/dnn/egs/egs.1.0.ark ark:- 
nnet-train-parallel --num-threads=16 --minibatch-size=64 --srand=0 exp/dnn/0.mdl ark:- exp/dnn/1.1.mdl 
WARNING (nnet-train-parallel:Init():nnet-precondition-online.cc:75) Rank 80 of online preconditioner is >= dim 44, setting it to 43 (but this is probably still too high)
LOG (nnet-train-parallel:GetScalingFactor():nnet-component.cc:1870) Limiting step size using scaling factor 0.120217, for component index 5
LOG (nnet-train-parallel:GetScalingFactor():nnet-component.cc:1870) Limiting step size using scaling factor 0.119696, for component index 5
LOG (nnet-train-parallel:GetScalingFactor():nnet-component.cc:1870) Limiting step size using scaling factor 0.118791, for component index 5
LOG (nnet-train-parallel:GetScalingFactor():nnet-component.cc:1870) Limiting step size using scaling factor 0.105699, for component index 5
LOG (nnet-train-parallel:GetScalingFactor():nnet-component.cc:1870) Limiting step size using scaling factor 0.111546, for component index 5
LOG (nnet-train-parallel:GetScalingFactor():nnet-component.cc:1870) Limiting step size using scaling factor 0.112114, for component index 5
LOG (nnet-train-parallel:GetScalingFactor():nnet-component.cc:1870) Limiting step size using scaling factor 0.113453, for component index 5
LOG (nnet-train-parallel:GetScalingFactor():nnet-component.cc:1870) Limiting step size using scaling factor 0.105434, for component index 5
LOG (nnet-train-parallel:GetScalingFactor():nnet-component.cc:1870) Limiting step size using scaling factor 0.091113, for component index 5
LOG (nnet-train-parallel:GetScalingFactor():nnet-component.cc:1870) Limiting step size using scaling factor 0.110487, for component index 5
WARNING (nnet-train-parallel:Cholesky():tp-matrix.cc:110) Cholesky decomposition failed. Maybe matrix is not positive definite. Throwing error
WARNING (nnet-train-parallel:ReorthogonalizeXt1():nnet-precondition-online.cc:180) Cholesky failed while re-orthogonalizing X_t. Re-initializing as arbitrary orthogonal matrix.
LOG (nnet-shuffle-egs:main():nnet-shuffle-egs.cc:99) Shuffled order of 33547 neural-network training examples using a buffer (partial randomization)
LOG (nnet-train-parallel:DoBackpropParallel():nnet-update-parallel.cc:194) Did backprop on 33540 examples, average log-prob per frame is -1.73254
LOG (nnet-train-parallel:DoBackpropParallel():nnet-update-parallel.cc:196) [this line is to be parsed by a script:] log-prob-per-frame=-1.73254
LOG (nnet-train-parallel:main():nnet-train-parallel.cc:102) Finished training, processed 33540 training examples (weighted).  Wrote model to exp/dnn/1.1.mdl
# Accounting: time=75 threads=1
# Ended (code 0) at Tue Jul 14 10:19:04 EEST 2015, elapsed time 75 seconds
