# nnet-latgen-faster --minimize=false --max-active=7000 --min-active=200 --beam=15.0 --lattice-beam=8.0 --acoustic-scale=0.1 --allow-partial=true --word-symbol-table=exp/mono0a/graph_tgpr/words.txt exp/dnn/final.mdl exp/mono0a/graph_tgpr/HCLG.fst "ark,s,cs:apply-cmvn  --utt2spk=ark:data/test_smarthomes/split1/1/utt2spk scp:data/test_smarthomes/split1/1/cmvn.scp scp:data/test_smarthomes/split1/1/feats.scp ark:- |" "ark:|gzip -c > exp/dnn/decode_tree/lat.1.gz" 
# Started at Tue Jul 14 10:31:58 EEST 2015
#
nnet-latgen-faster --minimize=false --max-active=7000 --min-active=200 --beam=15.0 --lattice-beam=8.0 --acoustic-scale=0.1 --allow-partial=true --word-symbol-table=exp/mono0a/graph_tgpr/words.txt exp/dnn/final.mdl exp/mono0a/graph_tgpr/HCLG.fst 'ark,s,cs:apply-cmvn  --utt2spk=ark:data/test_smarthomes/split1/1/utt2spk scp:data/test_smarthomes/split1/1/cmvn.scp scp:data/test_smarthomes/split1/1/feats.scp ark:- |' 'ark:|gzip -c > exp/dnn/decode_tree/lat.1.gz' 
apply-cmvn --utt2spk=ark:data/test_smarthomes/split1/1/utt2spk scp:data/test_smarthomes/split1/1/cmvn.scp scp:data/test_smarthomes/split1/1/feats.scp ark:- 
LOG (apply-cmvn:main():apply-cmvn.cc:146) Applied cepstral mean normalization to 1 utterances, errors on 0
S08_1 si ds st ds st ds si ds ds st ds si kn si ds st st ds si ds st ds kn si ds ds st ds ds st ds kn si st st ds ds st ds kn si ds ds st ds ds st ds kn si ds st st ds kn ds st ds kn si ds st ds ds st ds kn si ds st st st ds pr ds st spe kt ds si si kn si ds st ds st st st st st st ds si kn ds st st st st ds st st st st st st ds si kn si ds st ap st st st st ds st st st ds st ds kn si ds st st st ds st st st st ds st ds si kn ds st st st st st ds st st st st st st cm kn si cm cm st st kt st cm spe st si st cm st st st st st cm cm cm st ds st co spe st st st st st st cm st st st cm st st st st st cm st cm si cm st cm st kj st st st st cm st st cm si cm cm st st st st cm st cm st cm cm st st cm cm st st st st cm st cm si st cm st st cm st st st st cm st st cm si cm st cm st st st st st cm st st ap cm si st cm spe cm st st st cm st st cm si cm spe kj cm st st kt st st cm st cm ds st si cm st cm st si si ap si pr si spe spe si spe spe st st si st st si pr pr pr si spe st spe st co st spe st spe st si pr pr pr si si spe st spe co st spe spe spe si si si si pr pr pr pr pr pr pr pr si ds spe st kt st st st ds kj st co ds cm st spe cm spe spe si si cl co si kj pr pr pr pr si spe si st spe si spe si spe si spe si pr si spe spe si spe si spe si spe si spe si spe si spe pr pr pr st si pr spe spe si spe si spe si pr si pr ds pr pr ds pr pr si co si spe si spe si spe si spe si kj pw cl pr pr pr pr pr si spe si spe si spe si spe si spe spe si spe co si spe si pr pr pr pr pr si spe si spe spe si spe si spe si spe si spe si ap ap si spe si spe si spe si spe si spe si spe si spe si cm st st ap pw si pw st pw pw pw si si si si si pw pw pw pw si ap si pw pw pw pw pw pw pw ap si st cm st pw pw pw spe pw si spe si pw pw pw si si ds pw pw pw si pw pw pw pw si pw pw pw si pw pw pw pw pw si co co co si co co ds si co si si cm co co si si co co co si si co co co si st si co co co si co kn co st co co si si co co co ds co si si si co ds cm co ds co si si co co ds co si cm co si co si si co co si si kt si kt si kt kt kt kt kt si kt si kt kt si kt kt si kt si kt kt si kt si kt si kt si cl cl si cl ds spe st spe ds st st cl st st cl st cl si cl si cl si cl pr cl si kn si cl si cl cl cl si cl si cl si cl si si kt si cl cl si cl si cl si si cl kj kj kj kj kj cm pw kj kj kj si kj kj kj si kj kj kj si ds st ds st cm st cm st cm kj kj pw si kj si kj kj kj si kj kj si st si kj si si kj kj kj si st kj kj si kj kj si kj kj si kj kj kj si kj kj si kj si ap si ap si ap si ap st spe si ap ap si ap ap si ap si ap ap si ap si ap si ap si ap si ap pr ap ap si ap si ap si ap si ap si ap kj si ds cm si 
LOG (nnet-latgen-faster:RebuildRepository():determinize-lattice-pruned.cc:294) Rebuilding repository.
LOG (nnet-latgen-faster:RebuildRepository():determinize-lattice-pruned.cc:294) Rebuilding repository.
WARNING (nnet-latgen-faster:CheckMemoryUsage():determinize-lattice-pruned.cc:327) Did not reach requested beam in determinize-lattice: size exceeds maximum 50000000 bytes; (repo,arcs,elems) = (43525664,6688,11188440), after rebuilding, repo size was 37944352, effective beam was 0.000156281 vs. requested beam 8
WARNING (nnet-latgen-faster:DeterminizeLatticePruned():determinize-lattice-pruned.cc:1298) Effective beam 0.000156281 was less than beam 8 * cutoff 0.5, pruning raw lattice with new beam 4 and retrying.
LOG (nnet-latgen-faster:RebuildRepository():determinize-lattice-pruned.cc:294) Rebuilding repository.
LOG (nnet-latgen-faster:RebuildRepository():determinize-lattice-pruned.cc:294) Rebuilding repository.
LOG (nnet-latgen-faster:RebuildRepository():determinize-lattice-pruned.cc:294) Rebuilding repository.
WARNING (nnet-latgen-faster:CheckMemoryUsage():determinize-lattice-pruned.cc:327) Did not reach requested beam in determinize-lattice: size exceeds maximum 50000000 bytes; (repo,arcs,elems) = (36022624,105792,14087160), after rebuilding, repo size was 30743392, effective beam was 0.619653 vs. requested beam 4
WARNING (nnet-latgen-faster:DeterminizeLatticePruned():determinize-lattice-pruned.cc:1298) Effective beam 0.619653 was less than beam 4 * cutoff 0.5, pruning raw lattice with new beam 2 and retrying.
LOG (nnet-latgen-faster:DecodeUtteranceLatticeFaster():decoder-wrappers.cc:285) Log-like per frame for utterance S08_1 is 0.213381 over 149996 frames.
LOG (nnet-latgen-faster:main():nnet-latgen-faster.cc:180) Time taken 195.539s: real-time factor assuming 100 frames/sec is 0.130363
LOG (nnet-latgen-faster:main():nnet-latgen-faster.cc:183) Done 1 utterances, failed for 0
LOG (nnet-latgen-faster:main():nnet-latgen-faster.cc:185) Overall log-likelihood per frame is 0.213381 over 149996 frames.
# Accounting: time=196 threads=1
# Ended (code 0) at Tue Jul 14 10:35:14 EEST 2015, elapsed time 196 seconds
